<?xml version="1.0" encoding="UTF-8"?>
<!-- Generated by org.testng.reporters.JUnitXMLReporter -->
<testsuite ignored="0" hostname="DESKTOP-S4R77UG" failures="1" tests="5" name="Chrome Test" time="19.189" errors="0" timestamp="2025-01-06T15:47:30 IST">
  <testcase classname="tests.LoginDDT" name="test" time="2.216"/>
  <testcase classname="tests.LoginDDT" name="test" time="1.216">
    <failure type="java.lang.AssertionError" message="expected [true] but found [false]">
      <![CDATA[java.lang.AssertionError: expected [true] but found [false]
at tests.LoginDDT.test(LoginDDT.java:35)
at java.base/java.util.ArrayList.forEach(ArrayList.java:1597)
at java.base/java.util.concurrent.FutureTask.run(FutureTask.java:317)
at java.base/java.util.concurrent.ThreadPoolExecutor.runWorker(ThreadPoolExecutor.java:1144)
at java.base/java.util.concurrent.ThreadPoolExecutor$Worker.run(ThreadPoolExecutor.java:642)
at java.base/java.lang.Thread.run(Thread.java:1575)
... Removed 20 stack frames]]>
    </failure>
  </testcase> <!-- test -->
  <testcase classname="tests.LoginDDT" name="test" time="1.187"/>
  <testcase classname="tests.LoginDDT" name="test" time="1.141"/>
  <testcase classname="tests.LoginDDT" name="test" time="2.929"/>
</testsuite> <!-- Chrome Test -->
